{"logTime": "0606/110702", "correlationVector":"wiyOk5pNTYKtYx8FUBZojf","action":"SyncServerConnectionManagerRequest", "result":"SYNC_SERVER_OK", "context":{"environment":"", "migrationStage":"", "server":""}}
{"logTime": "0606/110702", "correlationVector":"Gr1pnP0UJDKYd64drjUf8C.1","action":"SyncServerConnectionManagerRequest", "result":"SYNC_SERVER_OK", "context":{"environment":"Prod_EastUS2_000e", "migrationStage":"NotStarted", "server":"GENERAL0100001M"}}
{"logTime": "0606/110702", "correlationVector":"Gr1pnP0UJDKYd64drjUf8C","action":"Initial GetUpdates", "result":"", "context":Reason: NEW_CLIENT. cV=Gr1pnP0UJDKYd64drjUf8C}
{"logTime": "0606/110702", "correlationVector":"Gr1pnP0UJDKYd64drjUf8C.2","action":"GetUpdates Response", "result":"Success", "context":Received 1 update(s). cV=Gr1pnP0UJDKYd64drjUf8C.0;server=GENERAL0100001M;cloudType=Consumer;environment=Prod_EastUS2_000e;migrationStage=NotStarted}
{"logTime": "0606/110702", "correlationVector":"b3YREiBlRMjM/p6IL91T9n","action":"Initial GetUpdates", "result":"", "context":Reason: NEW_CLIENT. cV=b3YREiBlRMjM/p6IL91T9n}
{"logTime": "0606/110703", "correlationVector":"b3YREiBlRMjM/p6IL91T9n.1","action":"SyncServerConnectionManagerRequest", "result":"SYNC_SERVER_OK", "context":{"environment":"Prod_EastUS2_000e", "migrationStage":"NotStarted", "server":"GENERAL01000028"}}
{"logTime": "0606/110703", "correlationVector":"b3YREiBlRMjM/p6IL91T9n.2","action":"GetUpdates Response", "result":"Success", "context":Received 160 update(s). cV=b3YREiBlRMjM/p6IL91T9n.0;server=GENERAL01000028;cloudType=Consumer;environment=Prod_EastUS2_000e;migrationStage=NotStarted}
{"logTime": "0606/110703", "correlationVector":"CE+LhQ8GMck9AtxlfjZzOT","action":"Initial GetUpdates", "result":"", "context":Reason: NEW_CLIENT. cV=CE+LhQ8GMck9AtxlfjZzOT}
{"logTime": "0606/110703", "correlationVector":"CE+LhQ8GMck9AtxlfjZzOT.1","action":"SyncServerConnectionManagerRequest", "result":"SYNC_SERVER_OK", "context":{"environment":"Prod_EastUS2_000e", "migrationStage":"NotStarted", "server":"GENERAL01000011"}}
{"logTime": "0606/110703", "correlationVector":"CE+LhQ8GMck9AtxlfjZzOT.2","action":"GetUpdates Response", "result":"Success", "context":Received 7 update(s). cV=CE+LhQ8GMck9AtxlfjZzOT.0;server=GENERAL01000011;cloudType=Consumer;environment=Prod_EastUS2_000e;migrationStage=NotStarted}
{"logTime": "0606/110703", "correlationVector":"OjnMHavVWfY2L3hQkz7AQF","action":"Initial GetUpdates", "result":"", "context":Reason: NEW_CLIENT. cV=OjnMHavVWfY2L3hQkz7AQF}
{"logTime": "0606/110703", "correlationVector":"OjnMHavVWfY2L3hQkz7AQF.1","action":"SyncServerConnectionManagerRequest", "result":"SYNC_SERVER_OK", "context":{"environment":"Prod_EastUS2_000e", "migrationStage":"NotStarted", "server":"GENERAL0100002H"}}
{"logTime": "0606/110703", "correlationVector":"OjnMHavVWfY2L3hQkz7AQF.2","action":"GetUpdates Response", "result":"Success", "context":Received 197 update(s). cV=OjnMHavVWfY2L3hQkz7AQF.0;server=GENERAL0100002H;cloudType=Consumer;environment=Prod_EastUS2_000e;migrationStage=NotStarted}
{"logTime": "0606/110703", "correlationVector":"bXTTwJe2SYHUn5JyfDCkFR","action":"Normal GetUpdate request", "result":"", "context":cV=bXTTwJe2SYHUn5JyfDCkFR
Nudged types: Device Info, User Consents
Refresh requested types: Bookmarks, Preferences, Passwords, Autofill Profiles, Autofill, Extensions, Extension settings, Device Info, User Consents, Send Tab To Self, Web Apps, Collection, Edge E Drop, Edge Hub App Usage, Edge Wallet, Encryption Keys}
{"logTime": "0606/110703", "correlationVector":"bXTTwJe2SYHUn5JyfDCkFR.1","action":"SyncServerConnectionManagerRequest", "result":"SYNC_SERVER_OK", "context":{"environment":"Prod_EastUS2_000e", "migrationStage":"NotStarted", "server":"GENERAL0100001G"}}
{"logTime": "0606/110703", "correlationVector":"bXTTwJe2SYHUn5JyfDCkFR.2","action":"GetUpdates Response", "result":"Success", "context":Received 0 update(s). cV=bXTTwJe2SYHUn5JyfDCkFR.0;server=GENERAL0100001G;cloudType=Consumer;environment=Prod_EastUS2_000e;migrationStage=NotStarted}
{"logTime": "0606/110703", "correlationVector":"NEakXfznC02siyFVTplPsG","action":"Commit Request", "result":"", "context":Item count: 2
Contributing types: Device Info, User Consents}
{"logTime": "0606/110703", "correlationVector":"NEakXfznC02siyFVTplPsG.1","action":"SyncServerConnectionManagerRequest", "result":"SYNC_SERVER_OK", "context":{"environment":"Prod_EastUS2_000e", "migrationStage":"NotStarted", "server":"GENERAL0100001I"}}
{"logTime": "0606/110703", "correlationVector":"NEakXfznC02siyFVTplPsG.2","action":"Commit Response", "result":"Success", "context":Result: Success. cV=NEakXfznC02siyFVTplPsG.0;server=GENERAL0100001I;cloudType=Consumer;environment=Prod_EastUS2_000e;migrationStage=NotStarted}
{"logTime": "0606/110703", "correlationVector":"sCA/Aqm0ElDrK+jBt3JrFu","action":"Normal GetUpdate request", "result":"", "context":cV=sCA/Aqm0ElDrK+jBt3JrFu
Nudged types: Device Info}
{"logTime": "0606/110703", "correlationVector":"sCA/Aqm0ElDrK+jBt3JrFu.1","action":"SyncServerConnectionManagerRequest", "result":"SYNC_SERVER_OK", "context":{"environment":"Prod_EastUS2_000e", "migrationStage":"NotStarted", "server":"GENERAL0100002R"}}
{"logTime": "0606/110703", "correlationVector":"sCA/Aqm0ElDrK+jBt3JrFu.2","action":"GetUpdates Response", "result":"Success", "context":Received 1 update(s). cV=sCA/Aqm0ElDrK+jBt3JrFu.0;server=GENERAL0100002R;cloudType=Consumer;environment=Prod_EastUS2_000e;migrationStage=NotStarted}
{"logTime": "0606/110706", "correlationVector":"nNZmTSL/Y2PgQQKs7nzNkG","action":"Normal GetUpdate request", "result":"", "context":cV=nNZmTSL/Y2PgQQKs7nzNkG
Nudged types: Edge Hub App Usage}
{"logTime": "0606/110707", "correlationVector":"nNZmTSL/Y2PgQQKs7nzNkG.1","action":"SyncServerConnectionManagerRequest", "result":"SYNC_SERVER_OK", "context":{"environment":"Prod_EastUS2_000e", "migrationStage":"NotStarted", "server":"GENERAL0100002S"}}
{"logTime": "0606/110707", "correlationVector":"nNZmTSL/Y2PgQQKs7nzNkG.2","action":"GetUpdates Response", "result":"Success", "context":Received 0 update(s). cV=nNZmTSL/Y2PgQQKs7nzNkG.0;server=GENERAL0100002S;cloudType=Consumer;environment=Prod_EastUS2_000e;migrationStage=NotStarted}
{"logTime": "0606/110707", "correlationVector":"gtOHez9+2fW9y7k7M36qPS","action":"Commit Request", "result":"", "context":Item count: 1
Contributing types: Edge Hub App Usage}
{"logTime": "0606/110707", "correlationVector":"gtOHez9+2fW9y7k7M36qPS.1","action":"SyncServerConnectionManagerRequest", "result":"SYNC_SERVER_OK", "context":{"environment":"Prod_EastUS2_000e", "migrationStage":"NotStarted", "server":"GENERAL01000017"}}
{"logTime": "0606/110707", "correlationVector":"gtOHez9+2fW9y7k7M36qPS.2","action":"Commit Response", "result":"Success", "context":Result: Success. cV=gtOHez9+2fW9y7k7M36qPS.0;server=GENERAL01000017;cloudType=Consumer;environment=Prod_EastUS2_000e;migrationStage=NotStarted}
{"logTime": "0606/112253", "correlationVector":"8WwvdaT/3YGWs1vU2IXKxc.1","action":"SyncServerConnectionManagerRequest", "result":"SYNC_SERVER_OK", "context":{"environment":"Prod_EastUS2_000e", "migrationStage":"NotStarted", "server":"GENERAL01000024"}}
{"logTime": "0606/112253", "correlationVector":"8WwvdaT/3YGWs1vU2IXKxc","action":"Initial GetUpdates", "result":"", "context":Reason: NEW_CLIENT. cV=8WwvdaT/3YGWs1vU2IXKxc}
{"logTime": "0606/112253", "correlationVector":"8WwvdaT/3YGWs1vU2IXKxc.2","action":"GetUpdates Response", "result":"Success", "context":Received 1 update(s). cV=8WwvdaT/3YGWs1vU2IXKxc.0;server=GENERAL01000024;cloudType=Consumer;environment=Prod_EastUS2_000e;migrationStage=NotStarted}
{"logTime": "0606/112253", "correlationVector":"LGYQBOPtTOlNmHF9WWyVom","action":"Initial GetUpdates", "result":"", "context":Reason: NEWLY_SUPPORTED_DATATYPE. cV=LGYQBOPtTOlNmHF9WWyVom}
{"logTime": "0606/112253", "correlationVector":"LGYQBOPtTOlNmHF9WWyVom.1","action":"SyncServerConnectionManagerRequest", "result":"SYNC_SERVER_OK", "context":{"environment":"Prod_EastUS2_000e", "migrationStage":"NotStarted", "server":"GENERAL01000009"}}
{"logTime": "0606/112253", "correlationVector":"LGYQBOPtTOlNmHF9WWyVom.2","action":"GetUpdates", "result":"DeleteReceived", "context":{"id":"e1bd6cb2-aa16-4e73-a4c4-c48560068ab6", "isDeleted:":"true", "version":"1695780353906"}}
{"logTime": "0606/112253", "correlationVector":"LGYQBOPtTOlNmHF9WWyVom.3","action":"GetUpdates", "result":"DeleteReceived", "context":{"id":"7a2fad2e-2103-4fa8-a54c-94c070b6c5bb", "isDeleted:":"true", "version":"1695780353907"}}
{"logTime": "0606/112253", "correlationVector":"LGYQBOPtTOlNmHF9WWyVom.4","action":"GetUpdates", "result":"DeleteReceived", "context":{"id":"30781149-7d20-4d8a-b3f3-1fb274fd263e", "isDeleted:":"true", "version":"1695780353908"}}
{"logTime": "0606/112253", "correlationVector":"LGYQBOPtTOlNmHF9WWyVom.5","action":"GetUpdates", "result":"DeleteReceived", "context":{"id":"7870628b-c3e0-478f-bb10-919471d482a5", "isDeleted:":"true", "version":"1695780353909"}}
{"logTime": "0606/112253", "correlationVector":"LGYQBOPtTOlNmHF9WWyVom.6","action":"GetUpdates", "result":"DeleteReceived", "context":{"id":"ea76e431-88a3-4162-86c2-3518c4effade", "isDeleted:":"true", "version":"1695780353910"}}
{"logTime": "0606/112253", "correlationVector":"LGYQBOPtTOlNmHF9WWyVom.7","action":"GetUpdates", "result":"DeleteReceived", "context":{"id":"9bd9574b-ad94-4333-891d-22f52b9c9741", "isDeleted:":"true", "version":"1695780353911"}}
{"logTime": "0606/112253", "correlationVector":"LGYQBOPtTOlNmHF9WWyVom.8","action":"GetUpdates", "result":"DeleteReceived", "context":{"id":"92475af7-70d4-495e-9a60-2fd3386edbc1", "isDeleted:":"true", "version":"1695780353912"}}
{"logTime": "0606/112253", "correlationVector":"LGYQBOPtTOlNmHF9WWyVom.9","action":"GetUpdates", "result":"DeleteReceived", "context":{"id":"a8e0f967-80ff-440c-8466-83f6f9259d15", "isDeleted:":"true", "version":"1695780353913"}}
{"logTime": "0606/112254", "correlationVector":"LGYQBOPtTOlNmHF9WWyVom.10","action":"GetUpdates", "result":"DeleteReceived", "context":{"id":"953dab65-dd24-4b36-b320-aae9b9e180cb", "isDeleted:":"true", "version":"1695780353914"}}
{"logTime": "0606/112254", "correlationVector":"LGYQBOPtTOlNmHF9WWyVom.11","action":"GetUpdates", "result":"DeleteReceived", "context":{"id":"4f237f31-b601-4add-b3d7-886b30451568", "isDeleted:":"true", "version":"1695780353915"}}
{"logTime": "0606/112254", "correlationVector":"LGYQBOPtTOlNmHF9WWyVom.12","action":"GetUpdates", "result":"DeleteReceived", "context":{"id":"e76c1e4b-0f04-4d34-848f-9d78e3de722d", "isDeleted:":"true", "version":"1695780353916"}}
{"logTime": "0606/112254", "correlationVector":"LGYQBOPtTOlNmHF9WWyVom.13","action":"GetUpdates", "result":"DeleteReceived", "context":{"id":"30d20f75-0280-4a2e-8a00-1547fd4bbf30", "isDeleted:":"true", "version":"1695780353917"}}
{"logTime": "0606/112254", "correlationVector":"LGYQBOPtTOlNmHF9WWyVom.14","action":"GetUpdates", "result":"DeleteReceived", "context":{"id":"bf5b8fb7-4059-4481-8932-37bc60fd9e4b", "isDeleted:":"true", "version":"1695780353918"}}
{"logTime": "0606/112254", "correlationVector":"LGYQBOPtTOlNmHF9WWyVom.15","action":"GetUpdates", "result":"DeleteReceived", "context":{"id":"cafd5bc6-b829-4875-b48c-aa3b05d20311", "isDeleted:":"true", "version":"1695780353919"}}
{"logTime": "0606/112254", "correlationVector":"LGYQBOPtTOlNmHF9WWyVom.16","action":"GetUpdates", "result":"DeleteReceived", "context":{"id":"f4cb7d15-feb0-4421-8953-aa69ee80e460", "isDeleted:":"true", "version":"1695780353920"}}
{"logTime": "0606/112254", "correlationVector":"LGYQBOPtTOlNmHF9WWyVom.17","action":"GetUpdates", "result":"DeleteReceived", "context":{"id":"c9ad38b6-7a83-400d-857d-3b8a6a8d8cd1", "isDeleted:":"true", "version":"1695780353921"}}
{"logTime": "0606/112254", "correlationVector":"LGYQBOPtTOlNmHF9WWyVom.18","action":"GetUpdates", "result":"DeleteReceived", "context":{"id":"c73ad78a-072d-48d7-9d34-b55de38f7a92", "isDeleted:":"true", "version":"1695780353922"}}
{"logTime": "0606/112254", "correlationVector":"LGYQBOPtTOlNmHF9WWyVom.19","action":"GetUpdates", "result":"DeleteReceived", "context":{"id":"4f260f41-5e20-4c5e-a9d8-f3f84068af4c", "isDeleted:":"true", "version":"1695780353923"}}
{"logTime": "0606/112254", "correlationVector":"LGYQBOPtTOlNmHF9WWyVom.20","action":"GetUpdates", "result":"DeleteReceived", "context":{"id":"d58a4644-bb5d-4aac-bce9-8beb52076004", "isDeleted:":"true", "version":"1695780353924"}}
{"logTime": "0606/112254", "correlationVector":"LGYQBOPtTOlNmHF9WWyVom.21","action":"GetUpdates", "result":"DeleteReceived", "context":{"id":"df1a4cd4-629a-4a0f-9b0c-01c8cc1f89c4", "isDeleted:":"true", "version":"1695780353925"}}
{"logTime": "0606/112254", "correlationVector":"LGYQBOPtTOlNmHF9WWyVom.22","action":"GetUpdates", "result":"DeleteReceived", "context":{"id":"30aff21c-170d-4e5a-891d-2fb1459d73d7", "isDeleted:":"true", "version":"1695780354945"}}
{"logTime": "0606/112254", "correlationVector":"LGYQBOPtTOlNmHF9WWyVom.23","action":"GetUpdates", "result":"DeleteReceived", "context":{"id":"6b6ce0d7-88f1-40ae-80ce-50a2f9c4776d", "isDeleted:":"true", "version":"1695780354946"}}
{"logTime": "0606/112254", "correlationVector":"LGYQBOPtTOlNmHF9WWyVom.24","action":"GetUpdates", "result":"DeleteReceived", "context":{"id":"77d8df66-83ef-4e82-9f81-0c9b2579af76", "isDeleted:":"true", "version":"1695780354947"}}
{"logTime": "0606/112254", "correlationVector":"LGYQBOPtTOlNmHF9WWyVom.25","action":"GetUpdates", "result":"DeleteReceived", "context":{"id":"ac9cc55a-624d-47d7-8253-48bace775c7a", "isDeleted:":"true", "version":"1695780354948"}}
{"logTime": "0606/112254", "correlationVector":"LGYQBOPtTOlNmHF9WWyVom.26","action":"GetUpdates", "result":"DeleteReceived", "context":{"id":"b2333b36-ce84-4725-a33a-475aa774a64f", "isDeleted:":"true", "version":"1695780354949"}}
{"logTime": "0606/112254", "correlationVector":"LGYQBOPtTOlNmHF9WWyVom.27","action":"GetUpdates", "result":"DeleteReceived", "context":{"id":"8815cd52-89c2-4a30-b065-bff63959028e", "isDeleted:":"true", "version":"1695780354950"}}
{"logTime": "0606/112254", "correlationVector":"LGYQBOPtTOlNmHF9WWyVom.28","action":"GetUpdates", "result":"DeleteReceived", "context":{"id":"6daa85b0-04dc-4fc3-b2ec-f3faab9ba4fb", "isDeleted:":"true", "version":"1695780354951"}}
{"logTime": "0606/112254", "correlationVector":"LGYQBOPtTOlNmHF9WWyVom.29","action":"GetUpdates", "result":"DeleteReceived", "context":{"id":"7ed1d322-bfcc-4857-8c9a-e0937b3b8171", "isDeleted:":"true", "version":"1695780354952"}}
{"logTime": "0606/112254", "correlationVector":"LGYQBOPtTOlNmHF9WWyVom.30","action":"GetUpdates", "result":"DeleteReceived", "context":{"id":"7a1496da-b312-4832-bd9b-8806d91163a4", "isDeleted:":"true", "version":"1695780354953"}}
{"logTime": "0606/112254", "correlationVector":"LGYQBOPtTOlNmHF9WWyVom.31","action":"GetUpdates", "result":"DeleteReceived", "context":{"id":"0ec78a5a-1a3f-4e28-bd96-c0aa013a137b", "isDeleted:":"true", "version":"1695780354954"}}
{"logTime": "0606/112254", "correlationVector":"LGYQBOPtTOlNmHF9WWyVom.32","action":"GetUpdates", "result":"DeleteReceived", "context":{"id":"e43b68d1-52c8-4ea7-887e-1ca465a793b0", "isDeleted:":"true", "version":"1695780354955"}}
{"logTime": "0606/112254", "correlationVector":"LGYQBOPtTOlNmHF9WWyVom.33","action":"GetUpdates", "result":"DeleteReceived", "context":{"id":"cfa2ab69-a5d8-4192-8626-49b9ee9de85e", "isDeleted:":"true", "version":"1695780354956"}}
{"logTime": "0606/112254", "correlationVector":"LGYQBOPtTOlNmHF9WWyVom.34","action":"GetUpdates", "result":"DeleteReceived", "context":{"id":"009f86d4-38a6-4d27-b454-ecd6832ba70a", "isDeleted:":"true", "version":"1695780354957"}}
{"logTime": "0606/112254", "correlationVector":"LGYQBOPtTOlNmHF9WWyVom.35","action":"GetUpdates", "result":"DeleteReceived", "context":{"id":"90e8dfd1-4186-48f5-b4ad-8e576a23e410", "isDeleted:":"true", "version":"1695780354958"}}
{"logTime": "0606/112254", "correlationVector":"LGYQBOPtTOlNmHF9WWyVom.36","action":"GetUpdates", "result":"DeleteReceived", "context":{"id":"bd74be12-42bc-4197-baa9-10fa66ef65f6", "isDeleted:":"true", "version":"1695780354959"}}
{"logTime": "0606/112254", "correlationVector":"LGYQBOPtTOlNmHF9WWyVom.37","action":"GetUpdates", "result":"DeleteReceived", "context":{"id":"d4528b43-c949-47ff-8447-7264b9f4b4b3", "isDeleted:":"true", "version":"1695780354960"}}
{"logTime": "0606/112254", "correlationVector":"LGYQBOPtTOlNmHF9WWyVom.38","action":"GetUpdates", "result":"DeleteReceived", "context":{"id":"5e51b88a-3d47-46e4-9a81-e31c7f08b1b0", "isDeleted:":"true", "version":"1695780354961"}}
{"logTime": "0606/112254", "correlationVector":"LGYQBOPtTOlNmHF9WWyVom.39","action":"GetUpdates", "result":"DeleteReceived", "context":{"id":"de605da1-5a95-4087-b92c-a8aae739e1aa", "isDeleted:":"true", "version":"1695780354962"}}
{"logTime": "0606/112254", "correlationVector":"LGYQBOPtTOlNmHF9WWyVom.40","action":"GetUpdates", "result":"DeleteReceived", "context":{"id":"e88c931c-8c63-4ace-b9f0-e848fa3c2195", "isDeleted:":"true", "version":"1695780354963"}}
{"logTime": "0606/112254", "correlationVector":"LGYQBOPtTOlNmHF9WWyVom.41","action":"GetUpdates", "result":"DeleteReceived", "context":{"id":"03e9b392-f7e5-4dfd-bea0-9d877dfce5ea", "isDeleted:":"true", "version":"1695780354964"}}
{"logTime": "0606/112254", "correlationVector":"LGYQBOPtTOlNmHF9WWyVom.42","action":"GetUpdates", "result":"DeleteReceived", "context":{"id":"34420c1d-c61f-41be-85d4-f5a9bb579dc2", "isDeleted:":"true", "version":"1695780355884"}}
{"logTime": "0606/112254", "correlationVector":"LGYQBOPtTOlNmHF9WWyVom.43","action":"GetUpdates", "result":"DeleteReceived", "context":{"id":"413ba82d-713b-4a32-b0bc-0cfb177f8615", "isDeleted:":"true", "version":"1695780355885"}}
{"logTime": "0606/112254", "correlationVector":"LGYQBOPtTOlNmHF9WWyVom.44","action":"GetUpdates", "result":"DeleteReceived", "context":{"id":"160887c7-1353-438c-9d7b-c3fd74058c57", "isDeleted:":"true", "version":"1695780355886"}}
{"logTime": "0606/112254", "correlationVector":"LGYQBOPtTOlNmHF9WWyVom.45","action":"GetUpdates", "result":"DeleteReceived", "context":{"id":"a586602b-11b1-4712-bc2f-fc115388422b", "isDeleted:":"true", "version":"1695780355887"}}
{"logTime": "0606/112254", "correlationVector":"LGYQBOPtTOlNmHF9WWyVom.46","action":"GetUpdates", "result":"DeleteReceived", "context":{"id":"06456660-ee65-49d5-8d59-e7edfdb3b4fd", "isDeleted:":"true", "version":"1695780355888"}}
{"logTime": "0606/112254", "correlationVector":"LGYQBOPtTOlNmHF9WWyVom.47","action":"GetUpdates", "result":"DeleteReceived", "context":{"id":"d77b7630-d6d9-425b-bc0f-5d644d21058f", "isDeleted:":"true", "version":"1695780355889"}}
{"logTime": "0606/112254", "correlationVector":"LGYQBOPtTOlNmHF9WWyVom.48","action":"GetUpdates", "result":"DeleteReceived", "context":{"id":"c91dea61-23ee-419e-b9b0-b11fae6b9551", "isDeleted:":"true", "version":"1695780355890"}}
{"logTime": "0606/112254", "correlationVector":"LGYQBOPtTOlNmHF9WWyVom.49","action":"GetUpdates", "result":"DeleteReceived", "context":{"id":"6c1ac2b5-197f-43b8-8e33-ea99c2617913", "isDeleted:":"true", "version":"1695780355891"}}
{"logTime": "0606/112254", "correlationVector":"LGYQBOPtTOlNmHF9WWyVom.50","action":"GetUpdates", "result":"DeleteReceived", "context":{"id":"7592d28b-d9b7-42dc-8e9d-b7e973b0500f", "isDeleted:":"true", "version":"1695780355892"}}
{"logTime": "0606/112254", "correlationVector":"LGYQBOPtTOlNmHF9WWyVom.51","action":"GetUpdates", "result":"DeleteReceived", "context":{"id":"ed8c8e55-970e-46d3-8290-ceeeee0d618e", "isDeleted:":"true", "version":"1695780355893"}}
{"logTime": "0606/112254", "correlationVector":"LGYQBOPtTOlNmHF9WWyVom.52","action":"GetUpdates", "result":"DeleteReceived", "context":{"id":"aa5d0b2c-1904-4d71-8104-5d8a22ea1845", "isDeleted:":"true", "version":"1695780355894"}}
{"logTime": "0606/112254", "correlationVector":"LGYQBOPtTOlNmHF9WWyVom.53","action":"GetUpdates", "result":"DeleteReceived", "context":{"id":"7a0e4a5e-6eac-46b6-a991-bf7f2fc57d10", "isDeleted:":"true", "version":"1695941042887"}}
{"logTime": "0606/112254", "correlationVector":"LGYQBOPtTOlNmHF9WWyVom.54","action":"GetUpdates", "result":"DeleteReceived", "context":{"id":"2fd7d9a8-5d0f-4074-8310-82fea9767ba1", "isDeleted:":"true", "version":"1695941042888"}}
{"logTime": "0606/112254", "correlationVector":"LGYQBOPtTOlNmHF9WWyVom.55","action":"GetUpdates", "result":"DeleteReceived", "context":{"id":"bd19be80-99c3-4eeb-be3e-b6eac4d0c7ad", "isDeleted:":"true", "version":"1695941042889"}}
{"logTime": "0606/112254", "correlationVector":"LGYQBOPtTOlNmHF9WWyVom.56","action":"GetUpdates", "result":"DeleteReceived", "context":{"id":"bfc58efb-2520-4ce7-82d0-4c53165d6039", "isDeleted:":"true", "version":"1695953104815"}}
{"logTime": "0606/112254", "correlationVector":"LGYQBOPtTOlNmHF9WWyVom.57","action":"GetUpdates", "result":"DeleteReceived", "context":{"id":"b6267b7e-751a-455f-af92-6e1b676ccf1e", "isDeleted:":"true", "version":"1695953104816"}}
{"logTime": "0606/112254", "correlationVector":"LGYQBOPtTOlNmHF9WWyVom.58","action":"GetUpdates", "result":"DeleteReceived", "context":{"id":"049dc9f3-17c9-49f5-b8fe-cd0fa4930af8", "isDeleted:":"true", "version":"1695995890723"}}
{"logTime": "0606/112254", "correlationVector":"LGYQBOPtTOlNmHF9WWyVom.59","action":"GetUpdates", "result":"DeleteReceived", "context":{"id":"783f78a5-6e42-4070-9777-ef1896e78dbd", "isDeleted:":"true", "version":"1696371411907"}}
{"logTime": "0606/112254", "correlationVector":"LGYQBOPtTOlNmHF9WWyVom.60","action":"GetUpdates", "result":"DeleteReceived", "context":{"id":"57925183-8ebb-40c5-9556-2de52a5c8ac1", "isDeleted:":"true", "version":"1698792810801"}}
{"logTime": "0606/112254", "correlationVector":"LGYQBOPtTOlNmHF9WWyVom.61","action":"GetUpdates", "result":"DeleteReceived", "context":{"id":"4a13f8d0-36c3-4983-91d0-6d040f24f6c5", "isDeleted:":"true", "version":"1699395777707"}}
{"logTime": "0606/112254", "correlationVector":"LGYQBOPtTOlNmHF9WWyVom.62","action":"GetUpdates", "result":"DeleteReceived", "context":{"id":"fec912cb-11ee-43ad-8d41-637d9a602833", "isDeleted:":"true", "version":"1699970815136"}}
{"logTime": "0606/112254", "correlationVector":"LGYQBOPtTOlNmHF9WWyVom.63","action":"GetUpdates", "result":"DeleteReceived", "context":{"id":"8276bd2c-3f3f-4de9-93d5-38b9f57f71bf", "isDeleted:":"true", "version":"1700051386990"}}
{"logTime": "0606/112254", "correlationVector":"LGYQBOPtTOlNmHF9WWyVom.64","action":"GetUpdates", "result":"DeleteReceived", "context":{"id":"9549325f-0fc9-4ab5-a9c8-dc38ffe6f305", "isDeleted:":"true", "version":"1700156299399"}}
{"logTime": "0606/112254", "correlationVector":"LGYQBOPtTOlNmHF9WWyVom.65","action":"GetUpdates", "result":"DeleteReceived", "context":{"id":"33280462-0120-47da-93ff-ff9151735748", "isDeleted:":"true", "version":"1700156299400"}}
{"logTime": "0606/112254", "correlationVector":"LGYQBOPtTOlNmHF9WWyVom.66","action":"GetUpdates", "result":"DeleteReceived", "context":{"id":"6dd533d1-d8c1-4c35-a7fd-526f4651444a", "isDeleted:":"true", "version":"1700274485176"}}
{"logTime": "0606/112254", "correlationVector":"LGYQBOPtTOlNmHF9WWyVom.67","action":"GetUpdates", "result":"DeleteReceived", "context":{"id":"8725d80e-282d-46e5-9c81-ce13d0e38df5", "isDeleted:":"true", "version":"1700319824493"}}
{"logTime": "0606/112254", "correlationVector":"LGYQBOPtTOlNmHF9WWyVom.68","action":"GetUpdates", "result":"DeleteReceived", "context":{"id":"f2195954-b6d4-4689-bdf7-311e2d273d83", "isDeleted:":"true", "version":"1700319824494"}}
{"logTime": "0606/112254", "correlationVector":"LGYQBOPtTOlNmHF9WWyVom.69","action":"GetUpdates", "result":"DeleteReceived", "context":{"id":"d1c872df-fdfa-466d-a771-901ba014b7cc", "isDeleted:":"true", "version":"1700496522817"}}
{"logTime": "0606/112254", "correlationVector":"LGYQBOPtTOlNmHF9WWyVom.70","action":"GetUpdates", "result":"DeleteReceived", "context":{"id":"357695cd-68ed-4805-a7fd-9959db1a9564", "isDeleted:":"true", "version":"1700496522818"}}
{"logTime": "0606/112254", "correlationVector":"LGYQBOPtTOlNmHF9WWyVom.71","action":"GetUpdates", "result":"DeleteReceived", "context":{"id":"625421b6-3184-4c70-9383-e520728bc57c", "isDeleted:":"true", "version":"1700546497233"}}
{"logTime": "0606/112254", "correlationVector":"LGYQBOPtTOlNmHF9WWyVom.72","action":"GetUpdates", "result":"DeleteReceived", "context":{"id":"996526f3-4688-458c-85d5-e3e834383730", "isDeleted:":"true", "version":"1700546497234"}}
{"logTime": "0606/112254", "correlationVector":"LGYQBOPtTOlNmHF9WWyVom.73","action":"GetUpdates", "result":"DeleteReceived", "context":{"id":"c3e80978-02fb-4369-93e2-a2b1bd8382a2", "isDeleted:":"true", "version":"1700667587291"}}
{"logTime": "0606/112254", "correlationVector":"LGYQBOPtTOlNmHF9WWyVom.74","action":"GetUpdates", "result":"DeleteReceived", "context":{"id":"8cb5f2f5-c705-4ecd-9760-4b4dc122d664", "isDeleted:":"true", "version":"1700667587292"}}
{"logTime": "0606/112254", "correlationVector":"LGYQBOPtTOlNmHF9WWyVom.75","action":"GetUpdates", "result":"DeleteReceived", "context":{"id":"3b53d3fe-8a15-4d0d-bebd-598d3585cd1e", "isDeleted:":"true", "version":"1701312002297"}}
{"logTime": "0606/112254", "correlationVector":"LGYQBOPtTOlNmHF9WWyVom.76","action":"GetUpdates", "result":"DeleteReceived", "context":{"id":"b817c267-9a32-49c1-b55c-74b58c4d219d", "isDeleted:":"true", "version":"1710445688776"}}
{"logTime": "0606/112254", "correlationVector":"LGYQBOPtTOlNmHF9WWyVom.77","action":"GetUpdates Response", "result":"Success", "context":Received 131 update(s). cV=LGYQBOPtTOlNmHF9WWyVom.0;server=GENERAL01000009;cloudType=Consumer;environment=Prod_EastUS2_000e;migrationStage=NotStarted}
{"logTime": "0606/112254", "correlationVector":"d0bAChH02IeJX7dHzC1B23","action":"Normal GetUpdate request", "result":"", "context":cV=d0bAChH02IeJX7dHzC1B23
Refresh requested types: Bookmarks, Preferences, Passwords, Autofill Profiles, Autofill, Extensions, Extension settings, Device Info, User Consents, Send Tab To Self, Web Apps, Collection, Edge E Drop, Edge Hub App Usage, Edge Wallet, Encryption Keys}
{"logTime": "0606/112254", "correlationVector":"d0bAChH02IeJX7dHzC1B23.1","action":"SyncServerConnectionManagerRequest", "result":"SYNC_SERVER_OK", "context":{"environment":"Prod_EastUS2_000e", "migrationStage":"NotStarted", "server":"GENERAL01000036"}}
{"logTime": "0606/112254", "correlationVector":"d0bAChH02IeJX7dHzC1B23.2","action":"GetUpdates Response", "result":"Success", "context":Received 1 update(s). cV=d0bAChH02IeJX7dHzC1B23.0;server=GENERAL01000036;cloudType=Consumer;environment=Prod_EastUS2_000e;migrationStage=NotStarted}
{"logTime": "0606/112255", "correlationVector":"fEL4d+xCqF44v6xCZXA87I","action":"SyncServerConnectionManagerRequest", "result":"SYNC_SERVER_OK", "context":{"environment":"", "migrationStage":"", "server":""}}
{"logTime": "0606/112255", "correlationVector":"GDtLnpxFxEuiTPauZQb9O6","action":"Initial GetUpdates", "result":"", "context":Reason: RECONFIGURATION. cV=GDtLnpxFxEuiTPauZQb9O6}
{"logTime": "0606/112255", "correlationVector":"GDtLnpxFxEuiTPauZQb9O6.1","action":"SyncServerConnectionManagerRequest", "result":"SYNC_SERVER_OK", "context":{"environment":"Prod_EastUS2_000e", "migrationStage":"NotStarted", "server":"GENERAL0100002S"}}
{"logTime": "0606/112255", "correlationVector":"GDtLnpxFxEuiTPauZQb9O6.2","action":"GetUpdates", "result":"DeleteReceived", "context":{"id":"f794a789-ab5d-4cb6-9c67-7f34527f842c", "isDeleted:":"true", "version":"1709984124774"}}
{"logTime": "0606/112255", "correlationVector":"GDtLnpxFxEuiTPauZQb9O6.3","action":"GetUpdates", "result":"DeleteReceived", "context":{"id":"e0d4b24c-a2f4-43a0-9af2-c8119389f73a", "isDeleted:":"true", "version":"1709984124775"}}
{"logTime": "0606/112255", "correlationVector":"GDtLnpxFxEuiTPauZQb9O6.4","action":"GetUpdates", "result":"DeleteReceived", "context":{"id":"98dee342-6abb-4d01-aee3-be1a0da9e5eb", "isDeleted:":"true", "version":"1709984124777"}}
{"logTime": "0606/112255", "correlationVector":"GDtLnpxFxEuiTPauZQb9O6.5","action":"GetUpdates", "result":"DeleteReceived", "context":{"id":"889da6e2-44a8-4d01-b9b1-d377c166f255", "isDeleted:":"true", "version":"1709984752207"}}
{"logTime": "0606/112256", "correlationVector":"GDtLnpxFxEuiTPauZQb9O6.6","action":"GetUpdates", "result":"DeleteReceived", "context":{"id":"dcfe9322-5edb-4c74-a061-bb5fc9e8982a", "isDeleted:":"true", "version":"1710008413166"}}
{"logTime": "0606/112256", "correlationVector":"GDtLnpxFxEuiTPauZQb9O6.7","action":"GetUpdates", "result":"DeleteReceived", "context":{"id":"b180f731-3ed7-4851-9171-abe50a1785b3", "isDeleted:":"true", "version":"1710008413167"}}
{"logTime": "0606/112256", "correlationVector":"GDtLnpxFxEuiTPauZQb9O6.8","action":"GetUpdates", "result":"DeleteReceived", "context":{"id":"02d067ed-be16-400c-967f-d9b63612be4c", "isDeleted:":"true", "version":"1710008696449"}}
{"logTime": "0606/112256", "correlationVector":"GDtLnpxFxEuiTPauZQb9O6.9","action":"GetUpdates", "result":"DeleteReceived", "context":{"id":"d8c5895c-10ed-4d9b-a51a-ca354f132221", "isDeleted:":"true", "version":"1710008713061"}}
{"logTime": "0606/112256", "correlationVector":"GDtLnpxFxEuiTPauZQb9O6.10","action":"GetUpdates", "result":"DeleteReceived", "context":{"id":"a242a77e-305f-476f-b0a9-ee6073b52a43", "isDeleted:":"true", "version":"1710008743308"}}
{"logTime": "0606/112256", "correlationVector":"GDtLnpxFxEuiTPauZQb9O6.11","action":"GetUpdates", "result":"DeleteReceived", "context":{"id":"fcf26e77-546e-4cf2-947a-fa2250f8ac5f", "isDeleted:":"true", "version":"1710008743309"}}
{"logTime": "0606/112256", "correlationVector":"GDtLnpxFxEuiTPauZQb9O6.12","action":"GetUpdates", "result":"DeleteReceived", "context":{"id":"82a97f32-6a82-4d65-9dd9-06d9a4b4a3e1", "isDeleted:":"true", "version":"1710008743310"}}
{"logTime": "0606/112256", "correlationVector":"GDtLnpxFxEuiTPauZQb9O6.13","action":"GetUpdates", "result":"DeleteReceived", "context":{"id":"a81cf70f-34ac-4717-ac01-937c7de3259d", "isDeleted:":"true", "version":"1710008743311"}}
{"logTime": "0606/112256", "correlationVector":"GDtLnpxFxEuiTPauZQb9O6.14","action":"GetUpdates", "result":"DeleteReceived", "context":{"id":"d7634b8f-eba1-4238-9777-774f9a158de5", "isDeleted:":"true", "version":"1710008743313"}}
{"logTime": "0606/112256", "correlationVector":"GDtLnpxFxEuiTPauZQb9O6.15","action":"GetUpdates", "result":"DeleteReceived", "context":{"id":"5073d18f-a493-438f-9114-1b33f5ca36a8", "isDeleted:":"true", "version":"1710128430486"}}
{"logTime": "0606/112256", "correlationVector":"GDtLnpxFxEuiTPauZQb9O6.16","action":"GetUpdates", "result":"DeleteReceived", "context":{"id":"5b6d3be0-7162-4558-ab04-c2286f2ecffa", "isDeleted:":"true", "version":"1710383979294"}}
{"logTime": "0606/112256", "correlationVector":"GDtLnpxFxEuiTPauZQb9O6.17","action":"GetUpdates", "result":"DeleteReceived", "context":{"id":"15a11875-a303-4e7c-a79a-1e739098849c", "isDeleted:":"true", "version":"1710445712572"}}
{"logTime": "0606/112256", "correlationVector":"GDtLnpxFxEuiTPauZQb9O6.18","action":"GetUpdates", "result":"DeleteReceived", "context":{"id":"146e2701-4015-44fc-8639-770106e7b293", "isDeleted:":"true", "version":"1710445746868"}}
{"logTime": "0606/112256", "correlationVector":"GDtLnpxFxEuiTPauZQb9O6.19","action":"GetUpdates", "result":"DeleteReceived", "context":{"id":"60cf98a9-131b-4acf-bbc3-faec3071847e", "isDeleted:":"true", "version":"1710446270392"}}
{"logTime": "0606/112256", "correlationVector":"GDtLnpxFxEuiTPauZQb9O6.20","action":"GetUpdates", "result":"DeleteReceived", "context":{"id":"3152ae95-11cf-45ab-a1a0-07c73015ffef", "isDeleted:":"true", "version":"1710446270393"}}
{"logTime": "0606/112256", "correlationVector":"GDtLnpxFxEuiTPauZQb9O6.21","action":"GetUpdates", "result":"DeleteReceived", "context":{"id":"2bc2b25d-3588-47bd-8b7f-e43dd2218f6c", "isDeleted:":"true", "version":"1710447608817"}}
{"logTime": "0606/112256", "correlationVector":"GDtLnpxFxEuiTPauZQb9O6.22","action":"GetUpdates", "result":"DeleteReceived", "context":{"id":"49485e3b-a7bd-4054-a54b-06693d00c237", "isDeleted:":"true", "version":"1710523270213"}}
{"logTime": "0606/112256", "correlationVector":"GDtLnpxFxEuiTPauZQb9O6.23","action":"GetUpdates", "result":"DeleteReceived", "context":{"id":"f4322715-32e7-4889-81f9-7a25689ddefd", "isDeleted:":"true", "version":"1710523297346"}}
{"logTime": "0606/112256", "correlationVector":"GDtLnpxFxEuiTPauZQb9O6.24","action":"GetUpdates", "result":"DeleteReceived", "context":{"id":"4a9aae6b-43b5-41cb-9148-6844db07fb47", "isDeleted:":"true", "version":"1710523443263"}}
{"logTime": "0606/112256", "correlationVector":"GDtLnpxFxEuiTPauZQb9O6.25","action":"GetUpdates", "result":"DeleteReceived", "context":{"id":"da18b013-8569-4530-8a2a-64cc1a1c2649", "isDeleted:":"true", "version":"1710523638383"}}
{"logTime": "0606/112256", "correlationVector":"GDtLnpxFxEuiTPauZQb9O6.26","action":"GetUpdates", "result":"DeleteReceived", "context":{"id":"e6b294d8-c203-4506-a403-05e720e2b915", "isDeleted:":"true", "version":"1710523670292"}}
{"logTime": "0606/112256", "correlationVector":"GDtLnpxFxEuiTPauZQb9O6.27","action":"GetUpdates", "result":"DeleteReceived", "context":{"id":"46c8a5b9-89b3-4356-b376-410d1c289f49", "isDeleted:":"true", "version":"1710525669489"}}
{"logTime": "0606/112256", "correlationVector":"GDtLnpxFxEuiTPauZQb9O6.28","action":"GetUpdates", "result":"DeleteReceived", "context":{"id":"d2e3c9e0-621d-4814-9702-ac8931435af6", "isDeleted:":"true", "version":"1710539304690"}}
{"logTime": "0606/112256", "correlationVector":"GDtLnpxFxEuiTPauZQb9O6.29","action":"GetUpdates", "result":"DeleteReceived", "context":{"id":"ba8d5203-f4b8-432d-8736-6be5a619bf8b", "isDeleted:":"true", "version":"1710539304692"}}
{"logTime": "0606/112256", "correlationVector":"GDtLnpxFxEuiTPauZQb9O6.30","action":"GetUpdates", "result":"DeleteReceived", "context":{"id":"79515340-e9eb-4088-8315-521a7e1f3fb1", "isDeleted:":"true", "version":"1710547975256"}}
{"logTime": "0606/112256", "correlationVector":"GDtLnpxFxEuiTPauZQb9O6.31","action":"GetUpdates", "result":"DeleteReceived", "context":{"id":"92e01f4a-525b-4a8a-b998-f1bfbbc58e2a", "isDeleted:":"true", "version":"1710549298099"}}
{"logTime": "0606/112256", "correlationVector":"GDtLnpxFxEuiTPauZQb9O6.32","action":"GetUpdates", "result":"DeleteReceived", "context":{"id":"cabacb26-15dd-49e8-ae74-08dc9b602e5b", "isDeleted:":"true", "version":"1710549327707"}}
{"logTime": "0606/112256", "correlationVector":"GDtLnpxFxEuiTPauZQb9O6.33","action":"GetUpdates", "result":"DeleteReceived", "context":{"id":"6ab431cf-dab7-4e05-aac5-a050f75bde16", "isDeleted:":"true", "version":"1710898956963"}}
{"logTime": "0606/112256", "correlationVector":"GDtLnpxFxEuiTPauZQb9O6.34","action":"GetUpdates", "result":"DeleteReceived", "context":{"id":"79f4accf-e5c8-453c-9fef-afd2b66f3a38", "isDeleted:":"true", "version":"1710899393338"}}
{"logTime": "0606/112256", "correlationVector":"GDtLnpxFxEuiTPauZQb9O6.35","action":"GetUpdates", "result":"DeleteReceived", "context":{"id":"ba539f52-e8d8-45fa-81f3-affea4afb362", "isDeleted:":"true", "version":"1710904479286"}}
{"logTime": "0606/112256", "correlationVector":"GDtLnpxFxEuiTPauZQb9O6.36","action":"GetUpdates", "result":"DeleteReceived", "context":{"id":"0971a708-93bf-4f3c-b01d-1ff0d4d63983", "isDeleted:":"true", "version":"1710904479288"}}
{"logTime": "0606/112256", "correlationVector":"GDtLnpxFxEuiTPauZQb9O6.37","action":"GetUpdates", "result":"DeleteReceived", "context":{"id":"91846b63-a345-49ac-83d9-167e6d6de25d", "isDeleted:":"true", "version":"1710904996462"}}
{"logTime": "0606/112256", "correlationVector":"GDtLnpxFxEuiTPauZQb9O6.38","action":"GetUpdates", "result":"DeleteReceived", "context":{"id":"5763536e-90e2-4e6c-b2f3-2f3c80a4669d", "isDeleted:":"true", "version":"1710943298370"}}
{"logTime": "0606/112256", "correlationVector":"GDtLnpxFxEuiTPauZQb9O6.39","action":"GetUpdates", "result":"DeleteReceived", "context":{"id":"55377e65-ddb4-4486-acb2-11fe7c804c80", "isDeleted:":"true", "version":"1710945182581"}}
{"logTime": "0606/112256", "correlationVector":"GDtLnpxFxEuiTPauZQb9O6.40","action":"GetUpdates", "result":"DeleteReceived", "context":{"id":"1f1c09a0-6753-47c9-b6c7-28acdc7076c6", "isDeleted:":"true", "version":"1710981313007"}}
{"logTime": "0606/112256", "correlationVector":"GDtLnpxFxEuiTPauZQb9O6.41","action":"GetUpdates", "result":"DeleteReceived", "context":{"id":"1fdd2933-049b-4b74-a2ef-d858f993463c", "isDeleted:":"true", "version":"1711060466814"}}
{"logTime": "0606/112256", "correlationVector":"GDtLnpxFxEuiTPauZQb9O6.42","action":"GetUpdates", "result":"DeleteReceived", "context":{"id":"697292b3-8571-4c07-bc70-a4c371306d9b", "isDeleted:":"true", "version":"1711060549937"}}
{"logTime": "0606/112256", "correlationVector":"GDtLnpxFxEuiTPauZQb9O6.43","action":"GetUpdates", "result":"DeleteReceived", "context":{"id":"2aba234e-3806-4f5e-8ddd-b8d84aaec876", "isDeleted:":"true", "version":"1711062262263"}}
{"logTime": "0606/112256", "correlationVector":"GDtLnpxFxEuiTPauZQb9O6.44","action":"GetUpdates", "result":"DeleteReceived", "context":{"id":"83b6a6ea-b40e-4249-8765-e3208b3b1684", "isDeleted:":"true", "version":"1711556237408"}}
{"logTime": "0606/112256", "correlationVector":"GDtLnpxFxEuiTPauZQb9O6.45","action":"GetUpdates", "result":"DeleteReceived", "context":{"id":"2ca7e6ba-7f19-4823-b3bd-fcbe36e78d29", "isDeleted:":"true", "version":"1711556311152"}}
{"logTime": "0606/112256", "correlationVector":"GDtLnpxFxEuiTPauZQb9O6.46","action":"GetUpdates", "result":"DeleteReceived", "context":{"id":"f2066f10-bed9-40f1-b8cf-c2ff603b58fe", "isDeleted:":"true", "version":"1711812003575"}}
{"logTime": "0606/112256", "correlationVector":"GDtLnpxFxEuiTPauZQb9O6.47","action":"GetUpdates", "result":"DeleteReceived", "context":{"id":"a03e7af8-ca32-43a1-80b6-f5fa73fb43d8", "isDeleted:":"true", "version":"1711982064444"}}
{"logTime": "0606/112256", "correlationVector":"GDtLnpxFxEuiTPauZQb9O6.48","action":"GetUpdates", "result":"DeleteReceived", "context":{"id":"371bba17-5f6d-448b-a006-0c9da88e1fa6", "isDeleted:":"true", "version":"1711982064445"}}
{"logTime": "0606/112256", "correlationVector":"GDtLnpxFxEuiTPauZQb9O6.49","action":"GetUpdates", "result":"DeleteReceived", "context":{"id":"aa588f89-50f4-478f-a2ff-2965d6643272", "isDeleted:":"true", "version":"1711982064446"}}
{"logTime": "0606/112256", "correlationVector":"GDtLnpxFxEuiTPauZQb9O6.50","action":"GetUpdates", "result":"DeleteReceived", "context":{"id":"5b00868b-e48e-4009-a6a8-94626c349e01", "isDeleted:":"true", "version":"1712018706092"}}
{"logTime": "0606/112256", "correlationVector":"GDtLnpxFxEuiTPauZQb9O6.51","action":"GetUpdates", "result":"DeleteReceived", "context":{"id":"aa6f0805-7339-47ff-9f3d-dbf951049a79", "isDeleted:":"true", "version":"1712084645378"}}
{"logTime": "0606/112256", "correlationVector":"GDtLnpxFxEuiTPauZQb9O6.52","action":"GetUpdates", "result":"DeleteReceived", "context":{"id":"1efefc7f-218f-4fa6-9012-90425c1d4dc6", "isDeleted:":"true", "version":"1712084676001"}}
{"logTime": "0606/112256", "correlationVector":"GDtLnpxFxEuiTPauZQb9O6.53","action":"GetUpdates", "result":"DeleteReceived", "context":{"id":"98702728-cb60-4b2b-b99a-7d506d06a48d", "isDeleted:":"true", "version":"1712264992099"}}
{"logTime": "0606/112256", "correlationVector":"GDtLnpxFxEuiTPauZQb9O6.54","action":"GetUpdates", "result":"DeleteReceived", "context":{"id":"86ff9b19-c06d-4d92-9c9d-6657651c9aab", "isDeleted:":"true", "version":"1712270498999"}}
{"logTime": "0606/112256", "correlationVector":"GDtLnpxFxEuiTPauZQb9O6.55","action":"GetUpdates", "result":"DeleteReceived", "context":{"id":"983a6578-ed15-42d8-9ae6-ff5cc6a93c25", "isDeleted:":"true", "version":"1712271791266"}}
{"logTime": "0606/112256", "correlationVector":"GDtLnpxFxEuiTPauZQb9O6.56","action":"GetUpdates", "result":"DeleteReceived", "context":{"id":"ad02f449-f35e-4826-a2f1-709cbefaf67d", "isDeleted:":"true", "version":"1712272346418"}}
{"logTime": "0606/112256", "correlationVector":"GDtLnpxFxEuiTPauZQb9O6.57","action":"GetUpdates", "result":"DeleteReceived", "context":{"id":"ada23b71-2c81-4098-ab0d-29b2b2b5dbc5", "isDeleted:":"true", "version":"1712276087235"}}
{"logTime": "0606/112256", "correlationVector":"GDtLnpxFxEuiTPauZQb9O6.58","action":"GetUpdates", "result":"DeleteReceived", "context":{"id":"ea9c29cc-21b9-4bfa-8be1-44332699d543", "isDeleted:":"true", "version":"1712276087236"}}
{"logTime": "0606/112256", "correlationVector":"GDtLnpxFxEuiTPauZQb9O6.59","action":"GetUpdates", "result":"DeleteReceived", "context":{"id":"7c9ca01c-2c27-4def-906d-b4b6ff9c360d", "isDeleted:":"true", "version":"1712276087239"}}
{"logTime": "0606/112256", "correlationVector":"GDtLnpxFxEuiTPauZQb9O6.60","action":"GetUpdates", "result":"DeleteReceived", "context":{"id":"fb7e81c7-aa48-43e0-a604-01ab791b7322", "isDeleted:":"true", "version":"1712277274232"}}
{"logTime": "0606/112256", "correlationVector":"GDtLnpxFxEuiTPauZQb9O6.61","action":"GetUpdates", "result":"DeleteReceived", "context":{"id":"efa78d95-3f34-4c79-a73b-73f2c15b3865", "isDeleted:":"true", "version":"1712502337426"}}
{"logTime": "0606/112256", "correlationVector":"GDtLnpxFxEuiTPauZQb9O6.62","action":"GetUpdates", "result":"DeleteReceived", "context":{"id":"b51612f7-1b1d-4951-ad54-7649f406576c", "isDeleted:":"true", "version":"1713232186771"}}
{"logTime": "0606/112256", "correlationVector":"GDtLnpxFxEuiTPauZQb9O6.63","action":"GetUpdates", "result":"DeleteReceived", "context":{"id":"4637c8c5-ac6d-4da7-b0ef-12e1561f20cf", "isDeleted:":"true", "version":"1713232186772"}}
{"logTime": "0606/112256", "correlationVector":"GDtLnpxFxEuiTPauZQb9O6.64","action":"GetUpdates", "result":"DeleteReceived", "context":{"id":"cbc54b1b-b37f-4860-b975-44a6e7e8bced", "isDeleted:":"true", "version":"1713232217330"}}
{"logTime": "0606/112256", "correlationVector":"GDtLnpxFxEuiTPauZQb9O6.65","action":"GetUpdates", "result":"DeleteReceived", "context":{"id":"15f8b296-c43a-4c81-8a3f-306151cc13b6", "isDeleted:":"true", "version":"1713232336144"}}
{"logTime": "0606/112256", "correlationVector":"GDtLnpxFxEuiTPauZQb9O6.66","action":"GetUpdates", "result":"DeleteReceived", "context":{"id":"0f7bbaf1-b368-40da-aa5c-01b05816cf9b", "isDeleted:":"true", "version":"1713232346801"}}
{"logTime": "0606/112256", "correlationVector":"GDtLnpxFxEuiTPauZQb9O6.67","action":"GetUpdates", "result":"DeleteReceived", "context":{"id":"454d0ae0-9a6e-4307-84c2-6216efff2536", "isDeleted:":"true", "version":"1713233496887"}}
{"logTime": "0606/112256", "correlationVector":"GDtLnpxFxEuiTPauZQb9O6.68","action":"GetUpdates", "result":"DeleteReceived", "context":{"id":"82a6cf97-5478-4268-b20a-479fe944220e", "isDeleted:":"true", "version":"1713233496888"}}
{"logTime": "0606/112256", "correlationVector":"GDtLnpxFxEuiTPauZQb9O6.69","action":"GetUpdates", "result":"DeleteReceived", "context":{"id":"4f26996f-1b4d-4aa6-9293-89e415717296", "isDeleted:":"true", "version":"1713233496889"}}
{"logTime": "0606/112256", "correlationVector":"GDtLnpxFxEuiTPauZQb9O6.70","action":"GetUpdates", "result":"DeleteReceived", "context":{"id":"b56d92a5-3e30-4bb5-be11-07c3573e01a9", "isDeleted:":"true", "version":"1713234886462"}}
{"logTime": "0606/112256", "correlationVector":"GDtLnpxFxEuiTPauZQb9O6.71","action":"GetUpdates", "result":"DeleteReceived", "context":{"id":"e93dab6e-5d91-40a7-8218-674581966cf4", "isDeleted:":"true", "version":"1713236932842"}}
{"logTime": "0606/112256", "correlationVector":"GDtLnpxFxEuiTPauZQb9O6.72","action":"GetUpdates", "result":"DeleteReceived", "context":{"id":"25bd3f39-2579-4e80-a9c0-c54f5f9379cc", "isDeleted:":"true", "version":"1713236932843"}}
{"logTime": "0606/112256", "correlationVector":"GDtLnpxFxEuiTPauZQb9O6.73","action":"GetUpdates", "result":"DeleteReceived", "context":{"id":"7873469d-5c2d-46d9-a1cd-1051d2021e1d", "isDeleted:":"true", "version":"1713391548849"}}
{"logTime": "0606/112256", "correlationVector":"GDtLnpxFxEuiTPauZQb9O6.74","action":"GetUpdates", "result":"DeleteReceived", "context":{"id":"667b78fd-1508-4368-a237-1160237e446e", "isDeleted:":"true", "version":"1713892628916"}}
{"logTime": "0606/112256", "correlationVector":"GDtLnpxFxEuiTPauZQb9O6.75","action":"GetUpdates", "result":"DeleteReceived", "context":{"id":"6868d070-d14a-4176-b527-918d37417a74", "isDeleted:":"true", "version":"1713895722419"}}
{"logTime": "0606/112256", "correlationVector":"GDtLnpxFxEuiTPauZQb9O6.76","action":"GetUpdates", "result":"DeleteReceived", "context":{"id":"fad421cd-7e56-4cca-8825-2dde459164db", "isDeleted:":"true", "version":"1713895874041"}}
{"logTime": "0606/112256", "correlationVector":"GDtLnpxFxEuiTPauZQb9O6.77","action":"GetUpdates", "result":"DeleteReceived", "context":{"id":"3816a4e1-6039-4b56-b381-f059c7242615", "isDeleted:":"true", "version":"1713902017379"}}
{"logTime": "0606/112256", "correlationVector":"GDtLnpxFxEuiTPauZQb9O6.78","action":"GetUpdates", "result":"DeleteReceived", "context":{"id":"a9609a1c-6e43-4df2-abba-be0b4a82a9da", "isDeleted:":"true", "version":"1714073069503"}}
{"logTime": "0606/112256", "correlationVector":"GDtLnpxFxEuiTPauZQb9O6.79","action":"GetUpdates", "result":"DeleteReceived", "context":{"id":"d0edeb8a-f1dc-4048-a33c-8b5660d7238a", "isDeleted:":"true", "version":"1714073069504"}}
{"logTime": "0606/112256", "correlationVector":"GDtLnpxFxEuiTPauZQb9O6.80","action":"GetUpdates", "result":"DeleteReceived", "context":{"id":"fecc0da9-409f-4a8a-9b91-77ce0b7b48db", "isDeleted:":"true", "version":"1714073069505"}}
{"logTime": "0606/112256", "correlationVector":"GDtLnpxFxEuiTPauZQb9O6.81","action":"GetUpdates", "result":"DeleteReceived", "context":{"id":"645d4399-85d6-4b34-ae8e-28ad8b0e5730", "isDeleted:":"true", "version":"1714073069507"}}
{"logTime": "0606/112256", "correlationVector":"GDtLnpxFxEuiTPauZQb9O6.82","action":"GetUpdates", "result":"DeleteReceived", "context":{"id":"4213fcc4-05c3-4e1b-8379-2d0e7c83eed8", "isDeleted:":"true", "version":"1714073368400"}}
{"logTime": "0606/112256", "correlationVector":"GDtLnpxFxEuiTPauZQb9O6.83","action":"GetUpdates", "result":"DeleteReceived", "context":{"id":"e2e36943-0ddb-4d09-86a8-56e9dc579171", "isDeleted:":"true", "version":"1714073458477"}}
{"logTime": "0606/112256", "correlationVector":"GDtLnpxFxEuiTPauZQb9O6.84","action":"GetUpdates", "result":"DeleteReceived", "context":{"id":"61914c00-a28a-47c3-9974-6dd6f565ca99", "isDeleted:":"true", "version":"1714073721724"}}
{"logTime": "0606/112256", "correlationVector":"GDtLnpxFxEuiTPauZQb9O6.85","action":"GetUpdates", "result":"DeleteReceived", "context":{"id":"f77fa2db-77ee-4896-bf27-1cbc7fe1506c", "isDeleted:":"true", "version":"1714073752367"}}
{"logTime": "0606/112256", "correlationVector":"GDtLnpxFxEuiTPauZQb9O6.86","action":"GetUpdates", "result":"DeleteReceived", "context":{"id":"5ecade5a-102b-4dde-acb3-a9e7cb293a3e", "isDeleted:":"true", "version":"1714073752368"}}
{"logTime": "0606/112256", "correlationVector":"GDtLnpxFxEuiTPauZQb9O6.87","action":"GetUpdates", "result":"DeleteReceived", "context":{"id":"fc7e6fab-4553-4efc-8382-0f25bd6c97cb", "isDeleted:":"true", "version":"1714073752369"}}
{"logTime": "0606/112256", "correlationVector":"GDtLnpxFxEuiTPauZQb9O6.88","action":"GetUpdates", "result":"DeleteReceived", "context":{"id":"a94ed86b-edf1-44ba-9ff1-0831a2be57de", "isDeleted:":"true", "version":"1714073942801"}}
{"logTime": "0606/112256", "correlationVector":"GDtLnpxFxEuiTPauZQb9O6.89","action":"GetUpdates", "result":"DeleteReceived", "context":{"id":"acc0adb8-2fef-4f72-b633-b9d2e388a874", "isDeleted:":"true", "version":"1714073942802"}}
{"logTime": "0606/112256", "correlationVector":"GDtLnpxFxEuiTPauZQb9O6.90","action":"GetUpdates", "result":"DeleteReceived", "context":{"id":"1990e22d-b150-44e1-8577-b5c2dcd24c6d", "isDeleted:":"true", "version":"1714074402332"}}
{"logTime": "0606/112256", "correlationVector":"GDtLnpxFxEuiTPauZQb9O6.91","action":"GetUpdates", "result":"DeleteReceived", "context":{"id":"0c4789b1-6046-4086-a78f-0b9b8a1c4509", "isDeleted:":"true", "version":"1714075076528"}}
{"logTime": "0606/112256", "correlationVector":"GDtLnpxFxEuiTPauZQb9O6.92","action":"GetUpdates", "result":"DeleteReceived", "context":{"id":"33dcfc3c-3c32-49a0-b9c6-7c190cb69d98", "isDeleted:":"true", "version":"1714075879832"}}
{"logTime": "0606/112256", "correlationVector":"GDtLnpxFxEuiTPauZQb9O6.93","action":"GetUpdates", "result":"DeleteReceived", "context":{"id":"d816c207-bdc4-42a3-bcb1-450e7eb913d3", "isDeleted:":"true", "version":"1714075913457"}}
{"logTime": "0606/112256", "correlationVector":"GDtLnpxFxEuiTPauZQb9O6.94","action":"GetUpdates", "result":"DeleteReceived", "context":{"id":"05210269-6cff-4785-a755-80823f6408dd", "isDeleted:":"true", "version":"1714075913459"}}
{"logTime": "0606/112256", "correlationVector":"GDtLnpxFxEuiTPauZQb9O6.95","action":"GetUpdates", "result":"DeleteReceived", "context":{"id":"50afce36-50a1-49d7-869d-38bec5be90e2", "isDeleted:":"true", "version":"1714075913460"}}
{"logTime": "0606/112256", "correlationVector":"GDtLnpxFxEuiTPauZQb9O6.96","action":"GetUpdates", "result":"DeleteReceived", "context":{"id":"1693af2b-19fc-40b3-941b-81f3973641f6", "isDeleted:":"true", "version":"1714076025453"}}
{"logTime": "0606/112256", "correlationVector":"GDtLnpxFxEuiTPauZQb9O6.97","action":"GetUpdates", "result":"DeleteReceived", "context":{"id":"f42c0f6d-e99a-4682-9fb9-83a538f40768", "isDeleted:":"true", "version":"1714076343495"}}
{"logTime": "0606/112256", "correlationVector":"GDtLnpxFxEuiTPauZQb9O6.98","action":"GetUpdates", "result":"DeleteReceived", "context":{"id":"d46169ff-f2f8-449d-95bd-df7667dea5eb", "isDeleted:":"true", "version":"1714076538328"}}
{"logTime": "0606/112256", "correlationVector":"GDtLnpxFxEuiTPauZQb9O6.99","action":"GetUpdates", "result":"DeleteReceived", "context":{"id":"b65bb716-ae10-4fbd-8a09-7eb9bbe4c3f1", "isDeleted:":"true", "version":"1714076569948"}}
{"logTime": "0606/112256", "correlationVector":"GDtLnpxFxEuiTPauZQb9O6.100","action":"GetUpdates", "result":"DeleteReceived", "context":{"id":"9fc73fd6-445c-46ac-820d-d1373694d9a5", "isDeleted:":"true", "version":"1714076602577"}}
{"logTime": "0606/112256", "correlationVector":"GDtLnpxFxEuiTPauZQb9O6.101","action":"GetUpdates", "result":"DeleteReceived", "context":{"id":"f1f00e42-0c9b-4e65-a071-e3f12d16a4c7", "isDeleted:":"true", "version":"1714076743862"}}
{"logTime": "0606/112256", "correlationVector":"GDtLnpxFxEuiTPauZQb9O6.102","action":"GetUpdates", "result":"DeleteReceived", "context":{"id":"bab5fa61-592a-449d-8edf-227850691adb", "isDeleted:":"true", "version":"1714076774478"}}
{"logTime": "0606/112256", "correlationVector":"GDtLnpxFxEuiTPauZQb9O6.103","action":"GetUpdates", "result":"DeleteReceived", "context":{"id":"e72bde4d-7d4e-41e0-98e7-3c507f8d73eb", "isDeleted:":"true", "version":"1714076974973"}}
{"logTime": "0606/112256", "correlationVector":"GDtLnpxFxEuiTPauZQb9O6.104","action":"GetUpdates", "result":"DeleteReceived", "context":{"id":"2bb4f797-6713-49aa-9257-7ed7b891f9cd", "isDeleted:":"true", "version":"1714078558307"}}
{"logTime": "0606/112256", "correlationVector":"GDtLnpxFxEuiTPauZQb9O6.105","action":"GetUpdates", "result":"DeleteReceived", "context":{"id":"b4740499-f8a4-405c-a20a-3f282406d3e6", "isDeleted:":"true", "version":"1714078657860"}}
{"logTime": "0606/112256", "correlationVector":"GDtLnpxFxEuiTPauZQb9O6.106","action":"GetUpdates", "result":"DeleteReceived", "context":{"id":"fa8868e5-7664-480e-8369-62cf66f3b536", "isDeleted:":"true", "version":"1714078718305"}}
{"logTime": "0606/112256", "correlationVector":"GDtLnpxFxEuiTPauZQb9O6.107","action":"GetUpdates", "result":"DeleteReceived", "context":{"id":"3d5c8dd7-9b75-480b-9d5f-bd72da509138", "isDeleted:":"true", "version":"1714081200785"}}
{"logTime": "0606/112256", "correlationVector":"GDtLnpxFxEuiTPauZQb9O6.108","action":"GetUpdates", "result":"DeleteReceived", "context":{"id":"c71c242b-0883-40a2-9873-10100f023d9e", "isDeleted:":"true", "version":"1714081200786"}}
{"logTime": "0606/112256", "correlationVector":"GDtLnpxFxEuiTPauZQb9O6.109","action":"GetUpdates", "result":"DeleteReceived", "context":{"id":"ba676a91-f590-4891-8348-bb2c1183b1c6", "isDeleted:":"true", "version":"1714081200787"}}
{"logTime": "0606/112256", "correlationVector":"GDtLnpxFxEuiTPauZQb9O6.110","action":"GetUpdates", "result":"DeleteReceived", "context":{"id":"5f532d5b-69a4-4323-8fbf-9d96f05add32", "isDeleted:":"true", "version":"1714081200788"}}
{"logTime": "0606/112256", "correlationVector":"GDtLnpxFxEuiTPauZQb9O6.111","action":"GetUpdates", "result":"DeleteReceived", "context":{"id":"d446ba5f-c015-4ddb-9e6d-ed3a3d395dd3", "isDeleted:":"true", "version":"1714081200789"}}
{"logTime": "0606/112256", "correlationVector":"GDtLnpxFxEuiTPauZQb9O6.112","action":"GetUpdates", "result":"DeleteReceived", "context":{"id":"a91d30cf-3700-4b78-9b60-b6e208191a25", "isDeleted:":"true", "version":"1714081666276"}}
{"logTime": "0606/112256", "correlationVector":"GDtLnpxFxEuiTPauZQb9O6.113","action":"GetUpdates", "result":"DeleteReceived", "context":{"id":"1526af6b-3148-4b9a-abd6-bccf24446b6f", "isDeleted:":"true", "version":"1714081666277"}}
{"logTime": "0606/112256", "correlationVector":"GDtLnpxFxEuiTPauZQb9O6.114","action":"GetUpdates", "result":"DeleteReceived", "context":{"id":"5be1a1d3-b051-48cf-93d3-019841320d22", "isDeleted:":"true", "version":"1714139632400"}}
{"logTime": "0606/112256", "correlationVector":"GDtLnpxFxEuiTPauZQb9O6.115","action":"GetUpdates", "result":"DeleteReceived", "context":{"id":"3f25f59c-1d73-4cce-931d-ec7ea8f87173", "isDeleted:":"true", "version":"1714171491507"}}
{"logTime": "0606/112256", "correlationVector":"GDtLnpxFxEuiTPauZQb9O6.116","action":"GetUpdates", "result":"DeleteReceived", "context":{"id":"f7cad4ac-87d0-493e-9c4a-eab3e207daf8", "isDeleted:":"true", "version":"1714172837100"}}
{"logTime": "0606/112256", "correlationVector":"GDtLnpxFxEuiTPauZQb9O6.117","action":"GetUpdates", "result":"DeleteReceived", "context":{"id":"89b2e8e1-7b1e-4b53-beea-2979c070f521", "isDeleted:":"true", "version":"1715901198313"}}
{"logTime": "0606/112256", "correlationVector":"GDtLnpxFxEuiTPauZQb9O6.118","action":"GetUpdates", "result":"DeleteReceived", "context":{"id":"a019898b-f8ad-403f-a037-6c463ce52725", "isDeleted:":"true", "version":"1715901198314"}}
{"logTime": "0606/112256", "correlationVector":"GDtLnpxFxEuiTPauZQb9O6.119","action":"GetUpdates", "result":"DeleteReceived", "context":{"id":"dd4e2bac-93ff-45af-9f4c-770a18ed674a", "isDeleted:":"true", "version":"1715901198315"}}
{"logTime": "0606/112256", "correlationVector":"GDtLnpxFxEuiTPauZQb9O6.120","action":"GetUpdates", "result":"DeleteReceived", "context":{"id":"48431f28-b1dc-4b9d-a194-6cbee4ff6036", "isDeleted:":"true", "version":"1715901198316"}}
{"logTime": "0606/112256", "correlationVector":"GDtLnpxFxEuiTPauZQb9O6.121","action":"GetUpdates", "result":"DeleteReceived", "context":{"id":"dd706f46-a67e-47dd-98c3-398e0f64bebb", "isDeleted:":"true", "version":"1716839609151"}}
{"logTime": "0606/112256", "correlationVector":"GDtLnpxFxEuiTPauZQb9O6.122","action":"GetUpdates", "result":"DeleteReceived", "context":{"id":"38c732ab-26ca-4efb-bfb7-2482707773a9", "isDeleted:":"true", "version":"1716959868290"}}
{"logTime": "0606/112256", "correlationVector":"GDtLnpxFxEuiTPauZQb9O6.123","action":"GetUpdates", "result":"DeleteReceived", "context":{"id":"ff3424db-c6c8-4e36-b122-a01342926f05", "isDeleted:":"true", "version":"1716959868291"}}
{"logTime": "0606/112256", "correlationVector":"GDtLnpxFxEuiTPauZQb9O6.124","action":"GetUpdates", "result":"DeleteReceived", "context":{"id":"7e48617f-252b-43a1-b22e-4724ffa44253", "isDeleted:":"true", "version":"1716987100888"}}
{"logTime": "0606/112256", "correlationVector":"GDtLnpxFxEuiTPauZQb9O6.125","action":"GetUpdates Response", "result":"Success", "context":Received 173 update(s). cV=GDtLnpxFxEuiTPauZQb9O6.0;server=GENERAL0100002S;cloudType=Consumer;environment=Prod_EastUS2_000e;migrationStage=NotStarted}
{"logTime": "0606/112256", "correlationVector":"Tpg3PZW6yVdsDI1T8p2zOu","action":"Normal GetUpdate request", "result":"", "context":cV=Tpg3PZW6yVdsDI1T8p2zOu
Nudged types: Passwords, Typed URLs, Sessions
Refresh requested types: Bookmarks, Preferences, Passwords, Autofill Profiles, Autofill, Typed URLs, Extensions, Sessions, Extension settings, History Delete Directives, Device Info, User Consents, Send Tab To Self, Web Apps, Collection, Edge E Drop, Edge Hub App Usage, Edge Tab Group, Edge Wallet, Encryption Keys}
{"logTime": "0606/112256", "correlationVector":"Tpg3PZW6yVdsDI1T8p2zOu.1","action":"SyncServerConnectionManagerRequest", "result":"SYNC_SERVER_OK", "context":{"environment":"Prod_EastUS2_000e", "migrationStage":"NotStarted", "server":"GENERAL01000039"}}
{"logTime": "0606/112256", "correlationVector":"Tpg3PZW6yVdsDI1T8p2zOu.2","action":"GetUpdates Response", "result":"Success", "context":Received 0 update(s). cV=Tpg3PZW6yVdsDI1T8p2zOu.0;server=GENERAL01000039;cloudType=Consumer;environment=Prod_EastUS2_000e;migrationStage=NotStarted}
{"logTime": "0606/112256", "correlationVector":"7sz1vodCMVUAZEabcz0kCf","action":"Commit Request", "result":"", "context":Item count: 4
Contributing types: Passwords, Typed URLs, Sessions}
{"logTime": "0606/112256", "correlationVector":"7sz1vodCMVUAZEabcz0kCf.1","action":"SyncServerConnectionManagerRequest", "result":"SYNC_SERVER_OK", "context":{"environment":"Prod_EastUS2_000e", "migrationStage":"NotStarted", "server":"GENERAL0100002P"}}
{"logTime": "0606/112256", "correlationVector":"7sz1vodCMVUAZEabcz0kCf.2","action":"Commit Response", "result":"Success", "context":Result: Success. cV=7sz1vodCMVUAZEabcz0kCf.0;server=GENERAL0100002P;cloudType=Consumer;environment=Prod_EastUS2_000e;migrationStage=NotStarted}
{"logTime": "0606/112428", "correlationVector":"DaWaNPmj570WmT4qGPzAeN","action":"Commit Request", "result":"", "context":Item count: 1
Contributing types: Sessions}
{"logTime": "0606/112428", "correlationVector":"DaWaNPmj570WmT4qGPzAeN.1","action":"SyncServerConnectionManagerRequest", "result":"SYNC_SERVER_OK", "context":{"environment":"Prod_EastUS2_000e", "migrationStage":"NotStarted", "server":"GENERAL0100001M"}}
{"logTime": "0606/112428", "correlationVector":"DaWaNPmj570WmT4qGPzAeN.2","action":"Commit Response", "result":"Success", "context":Result: Success. cV=DaWaNPmj570WmT4qGPzAeN.0;server=GENERAL0100001M;cloudType=Consumer;environment=Prod_EastUS2_000e;migrationStage=NotStarted}
{"logTime": "0606/112609", "correlationVector":"T1bO97Fj+rhsUmp1YJfkMq","action":"Commit Request", "result":"", "context":Item count: 1
Contributing types: Sessions}
{"logTime": "0606/112609", "correlationVector":"T1bO97Fj+rhsUmp1YJfkMq.1","action":"SyncServerConnectionManagerRequest", "result":"SYNC_SERVER_OK", "context":{"environment":"Prod_EastUS2_000e", "migrationStage":"NotStarted", "server":"GENERAL0100002P"}}
{"logTime": "0606/112609", "correlationVector":"T1bO97Fj+rhsUmp1YJfkMq.2","action":"Commit Response", "result":"Success", "context":Result: Success. cV=T1bO97Fj+rhsUmp1YJfkMq.0;server=GENERAL0100002P;cloudType=Consumer;environment=Prod_EastUS2_000e;migrationStage=NotStarted}
